[21:49:53] [Server thread/INFO]: antikostya[/[0:0:0:0:0:0:0:1]:37214] logged in with entity id 107021 at (2227.174019780605, 67.0, 820.3961709807005)
[21:49:53] [Server thread/INFO]: antikostya joined the game
[22:02:43] [Server thread/INFO]: [antikostya: Gave 1 experience points to antikostya]
[22:02:47] [Server thread/INFO]: [antikostya: Gave 10 experience points to antikostya]
[22:02:51] [Server thread/INFO]: [antikostya: Gave 100 experience points to antikostya]
[22:05:51] [Server thread/WARN]: UUID of added entity already exists: bih['Chicken'/109959, l='ServerLevel[miet-server]', x=2513.16, y=65.00, z=1018.86]
[22:05:51] [Server thread/WARN]: UUID of added entity already exists: bli['Egg'/109960, l='ServerLevel[miet-server]', x=2513.54, y=65.00, z=1019.17]
[22:05:53] [Server thread/WARN]: UUID of added entity already exists: bje['Wolf'/109994, l='ServerLevel[miet-server]', x=2533.50, y=82.00, z=809.63]
[22:05:53] [Server thread/WARN]: UUID of added entity already exists: bix['Sheep'/109996, l='ServerLevel[miet-server]', x=2541.27, y=73.00, z=928.51]
[22:05:53] [Server thread/WARN]: UUID of added entity already exists: bix['Sheep'/110001, l='ServerLevel[miet-server]', x=2529.74, y=69.00, z=984.50]
[22:05:53] [Server thread/WARN]: UUID of added entity already exists: bih['Chicken'/110002, l='ServerLevel[miet-server]', x=2541.21, y=64.00, z=970.89]
[22:05:53] [Server thread/WARN]: UUID of added entity already exists: bli['Egg'/110003, l='ServerLevel[miet-server]', x=2541.18, y=64.00, z=970.14]
[22:05:55] [Server thread/WARN]: UUID of added entity already exists: bje['Wolf'/110018, l='ServerLevel[miet-server]', x=2549.43, y=79.00, z=826.50]
[22:05:55] [Server thread/WARN]: UUID of added entity already exists: bje['Wolf'/110017, l='ServerLevel[miet-server]', x=2556.47, y=82.17, z=834.72]
[22:05:55] [Server thread/WARN]: UUID of added entity already exists: bix['Sheep'/110029, l='ServerLevel[miet-server]', x=2546.82, y=74.00, z=931.20]
[22:05:55] [Server thread/WARN]: UUID of added entity already exists: bix['Sheep'/110030, l='ServerLevel[miet-server]', x=2547.15, y=74.00, z=933.78]
[22:05:55] [Server thread/WARN]: UUID of added entity already exists: bix['Sheep'/110031, l='ServerLevel[miet-server]', x=2553.47, y=74.00, z=927.19]
[22:09:13] [Server thread/WARN]: Mismatch in destroy block pos: gj{x=2171, y=63, z=528} gj{x=2169, y=64, z=530}
[22:12:26] [Server thread/INFO]: antikostya lost connection: Timed out
[22:12:26] [Server thread/INFO]: antikostya left the game
[22:12:39] [Server thread/INFO]: antikostya[/[0:0:0:0:0:0:0:1]:37440] logged in with entity id 112390 at (2262.699999988079, 66.0, 827.4067483245424)
[22:12:39] [Server thread/INFO]: antikostya joined the game
[22:18:29] [Server thread/INFO]: antikostya lost connection: Disconnected
[22:18:29] [Server thread/INFO]: antikostya left the game
[22:18:54] [Server thread/INFO]: antikostya[/[0:0:0:0:0:0:0:1]:37528] logged in with entity id 113284 at (2237.7689243087857, 65.5, 816.3584585720675)
[22:18:54] [Server thread/INFO]: antikostya joined the game
[22:22:18] [Server thread/WARN]: Can't keep up! Is the server overloaded? Running 2030ms or 40 ticks behind
[22:23:51] [Server thread/WARN]: Can't keep up! Is the server overloaded? Running 2007ms or 40 ticks behind
[22:38:49] [Server thread/INFO]: [antikostya: Gave 1 [Iron Axe] to antikostya]
[22:47:26] [Server thread/WARN]: antikostya moved wrongly!
[22:59:12] [Server thread/WARN]: antikostya moved wrongly!
[23:03:09] [Server thread/INFO]: [antikostya: Gave 1 [Iron Axe] to antikostya]
[23:15:00] [Server thread/INFO]: [antikostya: Gave 1 [Iron Axe] to antikostya]
[23:29:01] [Server thread/INFO]: antikostya lost connection: Disconnected
[23:29:01] [Server thread/INFO]: antikostya left the game
[23:31:06] [Server thread/INFO]: Stopping the server
[23:31:06] [Server thread/INFO]: Stopping server
[23:31:06] [Server thread/INFO]: Saving players
[23:31:06] [Server thread/INFO]: Saving worlds
[23:31:08] [Server thread/INFO]: Saving chunks for level 'ServerLevel[miet-server]'/minecraft:overworld
[23:31:10] [Server thread/INFO]: Saving chunks for level 'ServerLevel[miet-server]'/minecraft:the_nether
[23:31:10] [Server thread/INFO]: Saving chunks for level 'ServerLevel[miet-server]'/minecraft:the_end
[23:31:10] [Server thread/INFO]: ThreadedAnvilChunkStorage (miet-server): All chunks are saved
[23:31:10] [Server thread/INFO]: ThreadedAnvilChunkStorage (DIM-1): All chunks are saved
[23:31:10] [Server thread/INFO]: ThreadedAnvilChunkStorage (DIM1): All chunks are saved
[23:31:10] [Server thread/INFO]: ThreadedAnvilChunkStorage: All dimensions are saved
